[2021-04-03 17:15:29.857] [exthost] [info] extension host started
[2021-04-03 17:15:29.886] [exthost] [info] ExtensionService#_doActivateExtension vscode.debug-auto-launch {"startup":true,"extensionId":{"value":"vscode.debug-auto-launch","_lower":"vscode.debug-auto-launch"},"activationEvent":"*"}
[2021-04-03 17:15:29.886] [exthost] [info] ExtensionService#loadCommonJSModule file:///usr/share/vscodium-bin/resources/app/extensions/debug-auto-launch/dist/extension
[2021-04-03 17:15:29.900] [exthost] [info] ExtensionService#_doActivateExtension vscode.git {"startup":true,"extensionId":{"value":"vscode.github","_lower":"vscode.github"},"activationEvent":"*"}
[2021-04-03 17:15:29.900] [exthost] [info] ExtensionService#loadCommonJSModule file:///usr/share/vscodium-bin/resources/app/extensions/git/dist/main
[2021-04-03 17:15:30.003] [exthost] [info] ExtensionService#_doActivateExtension vscode.github {"startup":true,"extensionId":{"value":"vscode.github","_lower":"vscode.github"},"activationEvent":"*"}
[2021-04-03 17:15:30.003] [exthost] [info] ExtensionService#loadCommonJSModule file:///usr/share/vscodium-bin/resources/app/extensions/github/dist/extension.js
[2021-04-03 17:15:30.010] [exthost] [info] ExtensionService#_doActivateExtension ms-vscode.js-debug {"startup":false,"extensionId":{"value":"ms-vscode.js-debug","_lower":"ms-vscode.js-debug"},"activationEvent":"onCommand:extension.js-debug.clearAutoAttachVariables"}
[2021-04-03 17:15:30.010] [exthost] [info] ExtensionService#loadCommonJSModule file:///usr/share/vscodium-bin/resources/app/extensions/ms-vscode.js-debug/src/extension.js
[2021-04-03 17:15:30.187] [exthost] [info] eager extensions activated
[2021-04-03 17:15:30.200] [exthost] [info] ExtensionService#_doActivateExtension vscode.emmet {"startup":false,"extensionId":{"value":"vscode.emmet","_lower":"vscode.emmet"},"activationEvent":"onStartupFinished"}
[2021-04-03 17:15:30.200] [exthost] [info] ExtensionService#loadCommonJSModule file:///usr/share/vscodium-bin/resources/app/extensions/emmet/dist/node/emmetNodeMain
[2021-04-03 17:15:30.221] [exthost] [info] ExtensionService#_doActivateExtension vscode.merge-conflict {"startup":false,"extensionId":{"value":"vscode.merge-conflict","_lower":"vscode.merge-conflict"},"activationEvent":"onStartupFinished"}
[2021-04-03 17:15:30.222] [exthost] [info] ExtensionService#loadCommonJSModule file:///usr/share/vscodium-bin/resources/app/extensions/merge-conflict/dist/mergeConflictMain
[2021-04-03 17:15:30.236] [exthost] [info] ExtensionService#_doActivateExtension vscode.testing-editor-contributions {"startup":false,"extensionId":{"value":"vscode.testing-editor-contributions","_lower":"vscode.testing-editor-contributions"},"activationEvent":"onStartupFinished"}
[2021-04-03 17:15:30.236] [exthost] [info] ExtensionService#loadCommonJSModule file:///usr/share/vscodium-bin/resources/app/extensions/testing-editor-contributions/dist/extension.js
[2021-04-03 17:20:14.668] [exthost] [info] ExtensionService#_doActivateExtension vscode.configuration-editing {"startup":false,"extensionId":{"value":"vscode.configuration-editing","_lower":"vscode.configuration-editing"},"activationEvent":"onLanguage:jsonc"}
[2021-04-03 17:20:14.668] [exthost] [info] ExtensionService#loadCommonJSModule file:///usr/share/vscodium-bin/resources/app/extensions/configuration-editing/dist/configurationEditingMain
[2021-04-03 17:20:14.704] [exthost] [info] ExtensionService#_doActivateExtension vscode.json-language-features {"startup":false,"extensionId":{"value":"vscode.json-language-features","_lower":"vscode.json-language-features"},"activationEvent":"onLanguage:jsonc"}
[2021-04-03 17:20:14.704] [exthost] [info] ExtensionService#loadCommonJSModule file:///usr/share/vscodium-bin/resources/app/extensions/json-language-features/client/dist/node/jsonClientMain
[2021-04-03 17:20:14.760] [exthost] [info] ExtensionService#_doActivateExtension vscode.typescript-language-features {"startup":false,"extensionId":{"value":"vscode.typescript-language-features","_lower":"vscode.typescript-language-features"},"activationEvent":"onLanguage:jsonc"}
[2021-04-03 17:20:14.760] [exthost] [info] ExtensionService#loadCommonJSModule file:///usr/share/vscodium-bin/resources/app/extensions/typescript-language-features/dist/extension
[2021-04-03 17:21:03.117] [exthost] [info] ExtensionService#_doActivateExtension vscode.extension-editing {"startup":false,"extensionId":{"value":"vscode.extension-editing","_lower":"vscode.extension-editing"},"activationEvent":"onLanguage:json"}
[2021-04-03 17:21:03.117] [exthost] [info] ExtensionService#loadCommonJSModule file:///usr/share/vscodium-bin/resources/app/extensions/extension-editing/dist/extensionEditingMain
[2021-04-03 17:21:03.154] [exthost] [info] ExtensionService#_doActivateExtension vscode.npm {"startup":false,"extensionId":{"value":"vscode.npm","_lower":"vscode.npm"},"activationEvent":"onLanguage:json"}
[2021-04-03 17:21:03.154] [exthost] [info] ExtensionService#loadCommonJSModule file:///usr/share/vscodium-bin/resources/app/extensions/npm/dist/npmMain
[2021-04-03 17:21:05.078] [exthost] [info] ExtensionService#_doActivateExtension formulahendry.code-runner {"startup":false,"extensionId":{"value":"formulahendry.code-runner","_lower":"formulahendry.code-runner"},"activationEvent":"onStartupFinished"}
[2021-04-03 17:21:05.078] [exthost] [info] ExtensionService#loadCommonJSModule file:///home/teo/.vscode-oss/extensions/formulahendry.code-runner-0.11.3/out/src/extension
[2021-04-03 17:21:17.223] [exthost] [info] ExtensionService#_doActivateExtension TabNine.tabnine-vscode {"startup":false,"extensionId":{"value":"TabNine.tabnine-vscode","_lower":"tabnine.tabnine-vscode"},"activationEvent":"*"}
[2021-04-03 17:21:17.223] [exthost] [info] ExtensionService#loadCommonJSModule file:///home/teo/.vscode-oss/extensions/tabnine.tabnine-vscode-3.2.9/out/extension
[2021-04-03 17:22:28.987] [exthost] [info] ExtensionService#_doActivateExtension streetsidesoftware.code-spell-checker {"startup":false,"extensionId":{"value":"streetsidesoftware.code-spell-checker","_lower":"streetsidesoftware.code-spell-checker"},"activationEvent":"*"}
[2021-04-03 17:22:28.987] [exthost] [info] ExtensionService#loadCommonJSModule file:///home/teo/.vscode-oss/extensions/streetsidesoftware.code-spell-checker-1.10.4/dist/extension.js
[2021-04-03 17:22:31.730] [exthost] [info] ExtensionService#_doActivateExtension vscode.css-language-features {"startup":false,"extensionId":{"value":"vscode.css-language-features","_lower":"vscode.css-language-features"},"activationEvent":"onLanguage:css"}
[2021-04-03 17:22:31.730] [exthost] [info] ExtensionService#loadCommonJSModule file:///usr/share/vscodium-bin/resources/app/extensions/css-language-features/client/dist/node/cssClientMain
[2021-04-03 17:23:26.654] [exthost] [info] ExtensionService#_doActivateExtension EditorConfig.EditorConfig {"startup":false,"extensionId":{"value":"EditorConfig.EditorConfig","_lower":"editorconfig.editorconfig"},"activationEvent":"*"}
[2021-04-03 17:23:26.655] [exthost] [info] ExtensionService#loadCommonJSModule file:///home/teo/.vscode-oss/extensions/editorconfig.editorconfig-0.16.4/out/editorConfigMain.js
[2021-04-03 17:23:39.778] [exthost] [info] ExtensionService#_doActivateExtension dbaeumer.vscode-eslint {"startup":false,"extensionId":{"value":"dbaeumer.vscode-eslint","_lower":"dbaeumer.vscode-eslint"},"activationEvent":"*"}
[2021-04-03 17:23:39.778] [exthost] [info] ExtensionService#loadCommonJSModule file:///home/teo/.vscode-oss/extensions/dbaeumer.vscode-eslint-2.1.8/client/out/extension
[2021-04-03 17:23:48.638] [exthost] [info] ExtensionService#_doActivateExtension streetsidesoftware.code-spell-checker-german {"startup":false,"extensionId":{"value":"streetsidesoftware.code-spell-checker-german","_lower":"streetsidesoftware.code-spell-checker-german"},"activationEvent":"*"}
[2021-04-03 17:23:48.638] [exthost] [info] ExtensionService#loadCommonJSModule file:///home/teo/.vscode-oss/extensions/streetsidesoftware.code-spell-checker-german-0.1.8/out/src/extension
[2021-04-03 17:23:58.955] [exthost] [info] ExtensionService#_doActivateExtension vscode.html-language-features {"startup":false,"extensionId":{"value":"vscode.html-language-features","_lower":"vscode.html-language-features"},"activationEvent":"onLanguage:html"}
[2021-04-03 17:23:58.955] [exthost] [info] ExtensionService#loadCommonJSModule file:///usr/share/vscodium-bin/resources/app/extensions/html-language-features/client/dist/node/htmlClientMain
[2021-04-03 17:23:59.488] [exthost] [info] ExtensionService#_doActivateExtension ecmel.vscode-html-css {"startup":false,"extensionId":{"value":"ecmel.vscode-html-css","_lower":"ecmel.vscode-html-css"},"activationEvent":"*"}
[2021-04-03 17:23:59.488] [exthost] [info] ExtensionService#loadCommonJSModule file:///home/teo/.vscode-oss/extensions/ecmel.vscode-html-css-1.9.1/dist/extension.js
[2021-04-03 17:24:33.437] [exthost] [info] ExtensionService#_doActivateExtension asvetliakov.vscode-neovim {"startup":false,"extensionId":{"value":"asvetliakov.vscode-neovim","_lower":"asvetliakov.vscode-neovim"},"activationEvent":"*"}
[2021-04-03 17:24:33.437] [exthost] [info] ExtensionService#loadCommonJSModule file:///home/teo/.vscode-oss/extensions/asvetliakov.vscode-neovim-0.0.78/dist/extension.js
[2021-04-03 17:34:25.185] [exthost] [info] ExtensionService#_doActivateExtension esbenp.prettier-vscode {"startup":false,"extensionId":{"value":"esbenp.prettier-vscode","_lower":"esbenp.prettier-vscode"},"activationEvent":"onStartupFinished"}
[2021-04-03 17:34:25.186] [exthost] [info] ExtensionService#loadCommonJSModule file:///home/teo/.vscode-oss/extensions/esbenp.prettier-vscode-6.3.1/dist/extension
[2021-04-03 17:34:55.999] [exthost] [info] ExtensionService#_doActivateExtension vscode.markdown-language-features {"startup":false,"extensionId":{"value":"vscode.markdown-language-features","_lower":"vscode.markdown-language-features"},"activationEvent":"onLanguage:markdown"}
[2021-04-03 17:34:55.999] [exthost] [info] ExtensionService#loadCommonJSModule file:///usr/share/vscodium-bin/resources/app/extensions/markdown-language-features/dist/extension
[2021-04-03 17:34:56.076] [exthost] [info] ExtensionService#_doActivateExtension DavidAnson.vscode-markdownlint {"startup":false,"extensionId":{"value":"DavidAnson.vscode-markdownlint","_lower":"davidanson.vscode-markdownlint"},"activationEvent":"onLanguage:markdown"}
[2021-04-03 17:34:56.083] [exthost] [info] ExtensionService#loadCommonJSModule file:///home/teo/.vscode-oss/extensions/davidanson.vscode-markdownlint-0.39.0/bundle
[2021-04-03 17:34:58.067] [exthost] [info] ExtensionService#_doActivateExtension wayou.vscode-todo-highlight {"startup":false,"extensionId":{"value":"wayou.vscode-todo-highlight","_lower":"wayou.vscode-todo-highlight"},"activationEvent":"*"}
[2021-04-03 17:34:58.067] [exthost] [info] ExtensionService#loadCommonJSModule file:///home/teo/.vscode-oss/extensions/wayou.vscode-todo-highlight-1.0.4/src/extension
[2021-04-03 17:35:36.814] [exthost] [info] ExtensionService#_doActivateExtension vscode-icons-team.vscode-icons {"startup":false,"extensionId":{"value":"vscode-icons-team.vscode-icons","_lower":"vscode-icons-team.vscode-icons"},"activationEvent":"*"}
[2021-04-03 17:35:36.814] [exthost] [info] ExtensionService#loadCommonJSModule file:///home/teo/.vscode-oss/extensions/vscode-icons-team.vscode-icons-11.2.0/dist/src/vscode-icons.bundle.js
[2021-04-03 17:36:10.978] [exthost] [info] extension host terminating: received terminate message from renderer
[2021-04-03 17:36:11.989] [exthost] [info] exiting with code 0
