[2021-04-03 17:16:09.330] [sharedprocess] [info] Starting to clean up unused language packs.
[2021-04-03 17:19:51.721] [sharedprocess] [info] Installing extension: teabyii.ayu
[2021-04-03 17:19:54.403] [sharedprocess] [info] Downloaded extension: teabyii.ayu undefined
[2021-04-03 17:19:54.900] [sharedprocess] [info] Extracted extension to /home/teo/.vscode-oss/extensions/.teabyii.ayu-0.20.1: teabyii.ayu
[2021-04-03 17:19:54.901] [sharedprocess] [info] Renamed to /home/teo/.vscode-oss/extensions/teabyii.ayu-0.20.1
[2021-04-03 17:19:54.902] [sharedprocess] [info] Installation completed. teabyii.ayu
[2021-04-03 17:19:54.905] [sharedprocess] [info] Extensions installed successfully: teabyii.ayu
[2021-04-03 17:20:17.788] [sharedprocess] [info] Installing extension: bungcip.better-toml
[2021-04-03 17:20:18.127] [sharedprocess] [info] Downloaded extension: bungcip.better-toml undefined
[2021-04-03 17:20:18.478] [sharedprocess] [info] Extracted extension to /home/teo/.vscode-oss/extensions/.bungcip.better-toml-0.3.2: bungcip.better-toml
[2021-04-03 17:20:18.478] [sharedprocess] [info] Renamed to /home/teo/.vscode-oss/extensions/bungcip.better-toml-0.3.2
[2021-04-03 17:20:18.480] [sharedprocess] [info] Installation completed. bungcip.better-toml
[2021-04-03 17:20:18.483] [sharedprocess] [info] Extensions installed successfully: bungcip.better-toml
[2021-04-03 17:21:04.128] [sharedprocess] [info] Installing extension: formulahendry.code-runner
[2021-04-03 17:21:04.655] [sharedprocess] [info] Downloaded extension: formulahendry.code-runner undefined
[2021-04-03 17:21:04.958] [sharedprocess] [info] Extracted extension to /home/teo/.vscode-oss/extensions/.formulahendry.code-runner-0.11.3: formulahendry.code-runner
[2021-04-03 17:21:04.958] [sharedprocess] [info] Renamed to /home/teo/.vscode-oss/extensions/formulahendry.code-runner-0.11.3
[2021-04-03 17:21:04.960] [sharedprocess] [info] Installation completed. formulahendry.code-runner
[2021-04-03 17:21:04.962] [sharedprocess] [info] Extensions installed successfully: formulahendry.code-runner
[2021-04-03 17:21:13.459] [sharedprocess] [info] Installing extension: tabnine.tabnine-vscode
[2021-04-03 17:21:14.024] [sharedprocess] [info] Downloaded extension: tabnine.tabnine-vscode undefined
[2021-04-03 17:21:17.163] [sharedprocess] [info] Extracted extension to /home/teo/.vscode-oss/extensions/.tabnine.tabnine-vscode-3.2.9: tabnine.tabnine-vscode
[2021-04-03 17:21:17.164] [sharedprocess] [info] Renamed to /home/teo/.vscode-oss/extensions/tabnine.tabnine-vscode-3.2.9
[2021-04-03 17:21:17.166] [sharedprocess] [info] Installation completed. tabnine.tabnine-vscode
[2021-04-03 17:21:17.171] [sharedprocess] [info] Extensions installed successfully: tabnine.tabnine-vscode
[2021-04-03 17:21:21.503] [sharedprocess] [info] Installing extension: twxs.cmake
[2021-04-03 17:21:26.090] [sharedprocess] [info] Downloaded extension: twxs.cmake undefined
[2021-04-03 17:21:26.493] [sharedprocess] [info] Extracted extension to /home/teo/.vscode-oss/extensions/.twxs.cmake-0.0.17: twxs.cmake
[2021-04-03 17:21:26.493] [sharedprocess] [info] Renamed to /home/teo/.vscode-oss/extensions/twxs.cmake-0.0.17
[2021-04-03 17:21:26.496] [sharedprocess] [info] Installation completed. twxs.cmake
[2021-04-03 17:21:26.498] [sharedprocess] [info] Extensions installed successfully: twxs.cmake
[2021-04-03 17:22:19.043] [sharedprocess] [info] Installing extension: streetsidesoftware.code-spell-checker
[2021-04-03 17:22:24.837] [sharedprocess] [info] Downloaded extension: streetsidesoftware.code-spell-checker undefined
[2021-04-03 17:22:28.864] [sharedprocess] [info] Extracted extension to /home/teo/.vscode-oss/extensions/.streetsidesoftware.code-spell-checker-1.10.4: streetsidesoftware.code-spell-checker
[2021-04-03 17:22:28.865] [sharedprocess] [info] Renamed to /home/teo/.vscode-oss/extensions/streetsidesoftware.code-spell-checker-1.10.4
[2021-04-03 17:22:28.866] [sharedprocess] [info] Installation completed. streetsidesoftware.code-spell-checker
[2021-04-03 17:22:28.872] [sharedprocess] [info] Extensions installed successfully: streetsidesoftware.code-spell-checker
[2021-04-03 17:22:31.941] [sharedprocess] [info] Installing extension: anseki.vscode-color
[2021-04-03 17:22:34.016] [sharedprocess] [info] Downloaded extension: anseki.vscode-color undefined
[2021-04-03 17:22:36.288] [sharedprocess] [info] Extracted extension to /home/teo/.vscode-oss/extensions/.anseki.vscode-color-0.4.5: anseki.vscode-color
[2021-04-03 17:22:36.289] [sharedprocess] [info] Renamed to /home/teo/.vscode-oss/extensions/anseki.vscode-color-0.4.5
[2021-04-03 17:22:36.291] [sharedprocess] [info] Installation completed. anseki.vscode-color
[2021-04-03 17:22:36.310] [sharedprocess] [info] Extensions installed successfully: anseki.vscode-color
[2021-04-03 17:22:55.857] [sharedprocess] [info] Installing extension: ms-azuretools.vscode-docker
[2021-04-03 17:22:57.736] [sharedprocess] [info] Downloaded extension: ms-azuretools.vscode-docker undefined
[2021-04-03 17:22:58.044] [sharedprocess] [info] Extracted extension to /home/teo/.vscode-oss/extensions/.ms-azuretools.vscode-docker-1.11.0: ms-azuretools.vscode-docker
[2021-04-03 17:22:58.045] [sharedprocess] [info] Renamed to /home/teo/.vscode-oss/extensions/ms-azuretools.vscode-docker-1.11.0
[2021-04-03 17:22:58.049] [sharedprocess] [info] Installation completed. ms-azuretools.vscode-docker
[2021-04-03 17:22:58.135] [sharedprocess] [info] Extensions installed successfully: ms-azuretools.vscode-docker
[2021-04-03 17:23:03.841] [sharedprocess] [info] Installing extension: bceskavich.theme-dracula-at-night
[2021-04-03 17:23:04.199] [sharedprocess] [info] Downloaded extension: bceskavich.theme-dracula-at-night undefined
[2021-04-03 17:23:04.501] [sharedprocess] [info] Extracted extension to /home/teo/.vscode-oss/extensions/.bceskavich.theme-dracula-at-night-2.6.0: bceskavich.theme-dracula-at-night
[2021-04-03 17:23:04.502] [sharedprocess] [info] Renamed to /home/teo/.vscode-oss/extensions/bceskavich.theme-dracula-at-night-2.6.0
[2021-04-03 17:23:04.504] [sharedprocess] [info] Installation completed. bceskavich.theme-dracula-at-night
[2021-04-03 17:23:04.508] [sharedprocess] [info] Extensions installed successfully: bceskavich.theme-dracula-at-night
[2021-04-03 17:23:25.737] [sharedprocess] [info] Installing extension: editorconfig.editorconfig
[2021-04-03 17:23:26.431] [sharedprocess] [info] Downloaded extension: editorconfig.editorconfig undefined
[2021-04-03 17:23:26.585] [sharedprocess] [info] Extracted extension to /home/teo/.vscode-oss/extensions/.editorconfig.editorconfig-0.16.4: editorconfig.editorconfig
[2021-04-03 17:23:26.586] [sharedprocess] [info] Renamed to /home/teo/.vscode-oss/extensions/editorconfig.editorconfig-0.16.4
[2021-04-03 17:23:26.587] [sharedprocess] [info] Installation completed. editorconfig.editorconfig
[2021-04-03 17:23:26.590] [sharedprocess] [info] Extensions installed successfully: editorconfig.editorconfig
[2021-04-03 17:23:39.393] [sharedprocess] [info] Installing extension: dbaeumer.vscode-eslint
[2021-04-03 17:23:39.659] [sharedprocess] [info] Downloaded extension: dbaeumer.vscode-eslint undefined
[2021-04-03 17:23:39.718] [sharedprocess] [info] Extracted extension to /home/teo/.vscode-oss/extensions/.dbaeumer.vscode-eslint-2.1.8: dbaeumer.vscode-eslint
[2021-04-03 17:23:39.718] [sharedprocess] [info] Renamed to /home/teo/.vscode-oss/extensions/dbaeumer.vscode-eslint-2.1.8
[2021-04-03 17:23:39.720] [sharedprocess] [info] Installation completed. dbaeumer.vscode-eslint
[2021-04-03 17:23:39.726] [sharedprocess] [info] Extensions installed successfully: dbaeumer.vscode-eslint
[2021-04-03 17:23:47.518] [sharedprocess] [info] Installing extension: streetsidesoftware.code-spell-checker-german
[2021-04-03 17:23:48.246] [sharedprocess] [info] Downloaded extension: streetsidesoftware.code-spell-checker-german undefined
[2021-04-03 17:23:48.527] [sharedprocess] [info] Extracted extension to /home/teo/.vscode-oss/extensions/.streetsidesoftware.code-spell-checker-german-0.1.8: streetsidesoftware.code-spell-checker-german
[2021-04-03 17:23:48.527] [sharedprocess] [info] Renamed to /home/teo/.vscode-oss/extensions/streetsidesoftware.code-spell-checker-german-0.1.8
[2021-04-03 17:23:48.529] [sharedprocess] [info] Installation completed. streetsidesoftware.code-spell-checker-german
[2021-04-03 17:23:48.610] [sharedprocess] [info] Extensions installed successfully: streetsidesoftware.code-spell-checker-german
[2021-04-03 17:23:59.111] [sharedprocess] [info] Installing extension: ecmel.vscode-html-css
[2021-04-03 17:23:59.387] [sharedprocess] [info] Downloaded extension: ecmel.vscode-html-css undefined
[2021-04-03 17:23:59.428] [sharedprocess] [info] Extracted extension to /home/teo/.vscode-oss/extensions/.ecmel.vscode-html-css-1.9.1: ecmel.vscode-html-css
[2021-04-03 17:23:59.428] [sharedprocess] [info] Renamed to /home/teo/.vscode-oss/extensions/ecmel.vscode-html-css-1.9.1
[2021-04-03 17:23:59.429] [sharedprocess] [info] Installation completed. ecmel.vscode-html-css
[2021-04-03 17:23:59.434] [sharedprocess] [info] Extensions installed successfully: ecmel.vscode-html-css
[2021-04-03 17:24:09.253] [sharedprocess] [info] Installing extension: ms-python.python
[2021-04-03 17:24:24.360] [sharedprocess] [info] Installing extension: davidanson.vscode-markdownlint
[2021-04-03 17:24:24.728] [sharedprocess] [info] Downloaded extension: davidanson.vscode-markdownlint undefined
[2021-04-03 17:24:24.805] [sharedprocess] [info] Extracted extension to /home/teo/.vscode-oss/extensions/.davidanson.vscode-markdownlint-0.39.0: davidanson.vscode-markdownlint
[2021-04-03 17:24:24.806] [sharedprocess] [info] Renamed to /home/teo/.vscode-oss/extensions/davidanson.vscode-markdownlint-0.39.0
[2021-04-03 17:24:24.813] [sharedprocess] [info] Installation completed. davidanson.vscode-markdownlint
[2021-04-03 17:24:24.827] [sharedprocess] [info] Extensions installed successfully: davidanson.vscode-markdownlint
[2021-04-03 17:24:27.805] [sharedprocess] [info] Downloaded extension: ms-python.python undefined
[2021-04-03 17:24:31.961] [sharedprocess] [info] Installing extension: asvetliakov.vscode-neovim
[2021-04-03 17:24:32.989] [sharedprocess] [info] Downloaded extension: asvetliakov.vscode-neovim undefined
[2021-04-03 17:24:33.306] [sharedprocess] [info] Extracted extension to /home/teo/.vscode-oss/extensions/.asvetliakov.vscode-neovim-0.0.78: asvetliakov.vscode-neovim
[2021-04-03 17:24:33.306] [sharedprocess] [info] Renamed to /home/teo/.vscode-oss/extensions/asvetliakov.vscode-neovim-0.0.78
[2021-04-03 17:24:33.314] [sharedprocess] [info] Installation completed. asvetliakov.vscode-neovim
[2021-04-03 17:24:33.326] [sharedprocess] [info] Extensions installed successfully: asvetliakov.vscode-neovim
[2021-04-03 17:24:37.897] [sharedprocess] [info] Extracted extension to /home/teo/.vscode-oss/extensions/.ms-python.python-2020.10.332292344: ms-python.python
[2021-04-03 17:24:37.897] [sharedprocess] [info] Renamed to /home/teo/.vscode-oss/extensions/ms-python.python-2020.10.332292344
[2021-04-03 17:24:37.901] [sharedprocess] [info] Installation completed. ms-python.python
[2021-04-03 17:24:37.913] [sharedprocess] [info] Extensions installed successfully: ms-python.python
[2021-04-03 17:34:01.182] [sharedprocess] [info] Installing extension: lintangwisesa.arduino
[2021-04-03 17:34:02.744] [sharedprocess] [info] Downloaded extension: lintangwisesa.arduino undefined
[2021-04-03 17:34:02.820] [sharedprocess] [info] Extracted extension to /home/teo/.vscode-oss/extensions/.lintangwisesa.arduino-0.3.3: lintangwisesa.arduino
[2021-04-03 17:34:02.820] [sharedprocess] [info] Renamed to /home/teo/.vscode-oss/extensions/lintangwisesa.arduino-0.3.3
[2021-04-03 17:34:02.822] [sharedprocess] [info] Installation completed. lintangwisesa.arduino
[2021-04-03 17:34:02.828] [sharedprocess] [info] Extensions installed successfully: lintangwisesa.arduino
[2021-04-03 17:34:13.472] [sharedprocess] [info] Installing extension: rust-lang.rust
[2021-04-03 17:34:13.831] [sharedprocess] [info] Downloaded extension: rust-lang.rust undefined
[2021-04-03 17:34:13.959] [sharedprocess] [info] Extracted extension to /home/teo/.vscode-oss/extensions/.rust-lang.rust-0.7.8: rust-lang.rust
[2021-04-03 17:34:13.959] [sharedprocess] [info] Renamed to /home/teo/.vscode-oss/extensions/rust-lang.rust-0.7.8
[2021-04-03 17:34:13.960] [sharedprocess] [info] Installation completed. rust-lang.rust
[2021-04-03 17:34:13.962] [sharedprocess] [info] Extensions installed successfully: rust-lang.rust
[2021-04-03 17:34:14.445] [sharedprocess] [info] Installing extension: matklad.rust-analyzer
[2021-04-03 17:34:14.804] [sharedprocess] [info] Downloaded extension: matklad.rust-analyzer undefined
[2021-04-03 17:34:14.874] [sharedprocess] [info] Extracted extension to /home/teo/.vscode-oss/extensions/.matklad.rust-analyzer-0.2.529: matklad.rust-analyzer
[2021-04-03 17:34:14.875] [sharedprocess] [info] Renamed to /home/teo/.vscode-oss/extensions/matklad.rust-analyzer-0.2.529
[2021-04-03 17:34:14.885] [sharedprocess] [info] Installation completed. matklad.rust-analyzer
[2021-04-03 17:34:14.890] [sharedprocess] [info] Extensions installed successfully: matklad.rust-analyzer
[2021-04-03 17:34:22.695] [sharedprocess] [info] Installing extension: esbenp.prettier-vscode
[2021-04-03 17:34:24.573] [sharedprocess] [info] Downloaded extension: esbenp.prettier-vscode undefined
[2021-04-03 17:34:25.117] [sharedprocess] [info] Extracted extension to /home/teo/.vscode-oss/extensions/.esbenp.prettier-vscode-6.3.1: esbenp.prettier-vscode
[2021-04-03 17:34:25.117] [sharedprocess] [info] Renamed to /home/teo/.vscode-oss/extensions/esbenp.prettier-vscode-6.3.1
[2021-04-03 17:34:25.119] [sharedprocess] [info] Installation completed. esbenp.prettier-vscode
[2021-04-03 17:34:25.122] [sharedprocess] [info] Extensions installed successfully: esbenp.prettier-vscode
[2021-04-03 17:34:57.089] [sharedprocess] [info] Installing extension: wayou.vscode-todo-highlight
[2021-04-03 17:34:57.849] [sharedprocess] [info] Downloaded extension: wayou.vscode-todo-highlight undefined
[2021-04-03 17:34:57.983] [sharedprocess] [info] Extracted extension to /home/teo/.vscode-oss/extensions/.wayou.vscode-todo-highlight-1.0.4: wayou.vscode-todo-highlight
[2021-04-03 17:34:57.983] [sharedprocess] [info] Renamed to /home/teo/.vscode-oss/extensions/wayou.vscode-todo-highlight-1.0.4
[2021-04-03 17:34:57.985] [sharedprocess] [info] Installation completed. wayou.vscode-todo-highlight
[2021-04-03 17:34:57.988] [sharedprocess] [info] Extensions installed successfully: wayou.vscode-todo-highlight
[2021-04-03 17:35:09.262] [sharedprocess] [info] Installing extension: enkia.tokyo-night
[2021-04-03 17:35:10.246] [sharedprocess] [info] Downloaded extension: enkia.tokyo-night undefined
[2021-04-03 17:35:10.283] [sharedprocess] [info] Extracted extension to /home/teo/.vscode-oss/extensions/.enkia.tokyo-night-0.7.7: enkia.tokyo-night
[2021-04-03 17:35:10.283] [sharedprocess] [info] Renamed to /home/teo/.vscode-oss/extensions/enkia.tokyo-night-0.7.7
[2021-04-03 17:35:10.284] [sharedprocess] [info] Installation completed. enkia.tokyo-night
[2021-04-03 17:35:10.287] [sharedprocess] [info] Extensions installed successfully: enkia.tokyo-night
[2021-04-03 17:35:34.005] [sharedprocess] [info] Installing extension: vscode-icons-team.vscode-icons
[2021-04-03 17:35:34.964] [sharedprocess] [info] Downloaded extension: vscode-icons-team.vscode-icons undefined
[2021-04-03 17:35:36.741] [sharedprocess] [info] Extracted extension to /home/teo/.vscode-oss/extensions/.vscode-icons-team.vscode-icons-11.2.0: vscode-icons-team.vscode-icons
[2021-04-03 17:35:36.741] [sharedprocess] [info] Renamed to /home/teo/.vscode-oss/extensions/vscode-icons-team.vscode-icons-11.2.0
[2021-04-03 17:35:36.743] [sharedprocess] [info] Installation completed. vscode-icons-team.vscode-icons
[2021-04-03 17:35:36.747] [sharedprocess] [info] Extensions installed successfully: vscode-icons-team.vscode-icons
[2021-04-03 17:35:45.760] [sharedprocess] [info] Installing extension: octref.vetur
[2021-04-03 17:35:49.844] [sharedprocess] [info] Downloaded extension: octref.vetur undefined
[2021-04-03 17:36:01.502] [sharedprocess] [info] Extracted extension to /home/teo/.vscode-oss/extensions/.octref.vetur-0.33.1: octref.vetur
[2021-04-03 17:36:01.502] [sharedprocess] [info] Renamed to /home/teo/.vscode-oss/extensions/octref.vetur-0.33.1
[2021-04-03 17:36:01.504] [sharedprocess] [info] Installation completed. octref.vetur
[2021-04-03 17:36:01.507] [sharedprocess] [info] Extensions installed successfully: octref.vetur
